


ARM Macro Assembler    Page 1 


    1 00000000                 AREA             RESET , DATA ,READONLY
    2 00000000                 EXPORT           __Vectors
    3 00000000         __Vectors
    4 00000000 10000000        DCD              0x10000000
    5 00000004 00000000        DCD              Reset_Handler
    6 00000008                 ALIGN
    7 00000008                 AREA             mycode , CODE , READONLY
    8 00000000                 ENTRY
    9 00000000                 EXPORT
   10 00000000         Reset_Handler
   11 00000000 4807            LDR              R0 , = SRC
   12 00000002 4908            LDR              R1 , = DST
   13 00000004 F04F 0214       MOV              R2 , #N
   14 00000008 F04F 0301       MOV              R3 , #01
   15 0000000C FB02 2402       MLA              R4 , R2 , R2 , R2
   16 00000010 EA4F 0454       LSR              R4 , #01
   17 00000014 600C            STR              R4 , [R1]
   18 00000016 00000014 
                       N       EQU              20
   19 00000016 00 00 12CDEF12 
              345DEF45 SRC     DCD              0x12CDEF12 , 0x345DEF45
   20 00000020 00000000 
              00000000         AREA             DATASEG , DATA , READWRITE
   21 00000000 00000000 
              00000000 DST     DCD              0,0
   22 00000008                 END
Command Line: --debug --xref --cpu=Cortex-M3 --apcs=interwork --depend=natu.d -
onatu.o -IC:\Keil\ARM\RV31\INC -IC:\Keil\ARM\CMSIS\Include -IC:\Keil\ARM\Inc\NX
P\LPC17xx --predefine="__EVAL SETA 1" --list=natu.lst natu.s



ARM Macro Assembler    Page 1 Alphabetic symbol ordering
Relocatable symbols

RESET 00000000

Symbol: RESET
   Definitions
      At line 1 in file natu.s
   Uses
      None
Comment: RESET unused
__Vectors 00000000

Symbol: __Vectors
   Definitions
      At line 3 in file natu.s
   Uses
      At line 2 in file natu.s
Comment: __Vectors used once
2 symbols



ARM Macro Assembler    Page 1 Alphabetic symbol ordering
Relocatable symbols

Reset_Handler 00000000

Symbol: Reset_Handler
   Definitions
      At line 10 in file natu.s
   Uses
      At line 5 in file natu.s
Comment: Reset_Handler used once
SRC 00000018

Symbol: SRC
   Definitions
      At line 19 in file natu.s
   Uses
      At line 11 in file natu.s
Comment: SRC used once
mycode 00000000

Symbol: mycode
   Definitions
      At line 7 in file natu.s
   Uses
      None
Comment: mycode unused
3 symbols



ARM Macro Assembler    Page 1 Alphabetic symbol ordering
Relocatable symbols

DATASEG 00000000

Symbol: DATASEG
   Definitions
      At line 20 in file natu.s
   Uses
      None
Comment: DATASEG unused
DST 00000000

Symbol: DST
   Definitions
      At line 21 in file natu.s
   Uses
      At line 12 in file natu.s
Comment: DST used once
2 symbols



ARM Macro Assembler    Page 1 Alphabetic symbol ordering
Absolute symbols

N 00000014

Symbol: N
   Definitions
      At line 18 in file natu.s
   Uses
      At line 13 in file natu.s
Comment: N used once
1 symbol
341 symbols in table
