


ARM Macro Assembler    Page 1 


    1 00000000                 AREA             RESET , DATA ,READONLY
    2 00000000                 EXPORT           __Vectors
    3 00000000         __Vectors
    4 00000000 10000000        DCD              0x10000000
    5 00000004 00000000        DCD              Reset_Handler
    6 00000008                 ALIGN
    7 00000008                 AREA             mycode , CODE , READONLY
    8 00000000                 ENTRY
    9 00000000                 EXPORT
   10 00000000         Reset_Handler
   11 00000000 4809            LDR              R0 , = SRC
   12 00000002 490A            LDR              R1 , = DST
   13 00000004         
   14 00000004 F850 2B04       LDR              R2 , [R0] ,#4
   15 00000008 6803            LDR              R3 , [R0]
   16 0000000A 18A4    START   ADDS             R4 , R2
   17 0000000C F155 0500       ADCS             R5 , #0
   18 00000010 F1A3 0301       SUB              R3 , #1
   19 00000014 F093 0F00       TEQ              R3 , #0
   20 00000018 D1F7            BNE              START
   21 0000001A F841 4B04       STR              R4 , [R1] ,#4
   22 0000001E 600D            STR              R5 , [R1]
   23 00000020         
   24 00000020         
   25 00000020 00000012 
              00000005 SRC     DCD              0x00000012,0x00000005
   26 00000028 00000000 
              00000000         AREA             DATASEG , DATA , READWRITE
   27 00000000 00000000 
              00000000 DST     DCD              0,0
   28 00000008                 END
Command Line: --debug --xref --cpu=Cortex-M3 --apcs=interwork --depend=rptad.d 
-orptad.o -IC:\Keil\ARM\RV31\INC -IC:\Keil\ARM\CMSIS\Include -IC:\Keil\ARM\Inc\
NXP\LPC17xx --predefine="__EVAL SETA 1" --list=rptad.lst rptad.s



ARM Macro Assembler    Page 1 Alphabetic symbol ordering
Relocatable symbols

RESET 00000000

Symbol: RESET
   Definitions
      At line 1 in file rptad.s
   Uses
      None
Comment: RESET unused
__Vectors 00000000

Symbol: __Vectors
   Definitions
      At line 3 in file rptad.s
   Uses
      At line 2 in file rptad.s
Comment: __Vectors used once
2 symbols



ARM Macro Assembler    Page 1 Alphabetic symbol ordering
Relocatable symbols

Reset_Handler 00000000

Symbol: Reset_Handler
   Definitions
      At line 10 in file rptad.s
   Uses
      At line 5 in file rptad.s
Comment: Reset_Handler used once
SRC 00000020

Symbol: SRC
   Definitions
      At line 25 in file rptad.s
   Uses
      At line 11 in file rptad.s
Comment: SRC used once
START 0000000A

Symbol: START
   Definitions
      At line 16 in file rptad.s
   Uses
      At line 20 in file rptad.s
Comment: START used once
mycode 00000000

Symbol: mycode
   Definitions
      At line 7 in file rptad.s
   Uses
      None
Comment: mycode unused
4 symbols



ARM Macro Assembler    Page 1 Alphabetic symbol ordering
Relocatable symbols

DATASEG 00000000

Symbol: DATASEG
   Definitions
      At line 26 in file rptad.s
   Uses
      None
Comment: DATASEG unused
DST 00000000

Symbol: DST
   Definitions
      At line 27 in file rptad.s
   Uses
      At line 12 in file rptad.s
Comment: DST used once
2 symbols
341 symbols in table
