


ARM Macro Assembler    Page 1 


    1 00000000                 AREA             RESET , DATA ,READONLY
    2 00000000                 EXPORT           __Vectors
    3 00000000         __Vectors
    4 00000000 10000000        DCD              0x10000000
    5 00000004 00000000        DCD              Reset_Handler
    6 00000008                 ALIGN
    7 00000008                 AREA             mycode , CODE , READONLY
    8 00000000                 ENTRY
    9 00000000                 EXPORT
   10 00000000         Reset_Handler
   11 00000000 4808            LDR              R0 , = SRC
   12 00000002 4909            LDR              R1 , = DST
   13 00000004         
   14 00000004 F850 2B04       LDR              R2 , [R0] ,#4
   15 00000008 6803            LDR              R3 , [R0]
   16 0000000A         
   17 0000000A 1AD2            SUBS             R2 , R3
   18 0000000C         
   19 0000000C F164 0400       SBC              R4 , #0
   20 00000010 F1C4 0404       RSB              R4 , #4
   21 00000014         
   22 00000014 F841 2B04       STR              R2 , [R1] , #4
   23 00000018 600C            STR              R4 , [R1]
   24 0000001A         
   25 0000001A 00 00 12CDEF12 
              345DEF45 SRC     DCD              0x12CDEF12 , 0x345DEF45
   26 00000024 00000000 
              00000000         AREA             DATASEG , DATA , READWRITE
   27 00000000 00000000 
              00000000 DST     DCD              0,0
   28 00000008                 END
Command Line: --debug --xref --cpu=Cortex-M3 --apcs=interwork --depend=sb32.d -
osb32.o -IC:\Keil\ARM\RV31\INC -IC:\Keil\ARM\CMSIS\Include -IC:\Keil\ARM\Inc\NX
P\LPC17xx --predefine="__EVAL SETA 1" --list=sb32.lst sb32.S



ARM Macro Assembler    Page 1 Alphabetic symbol ordering
Relocatable symbols

RESET 00000000

Symbol: RESET
   Definitions
      At line 1 in file sb32.S
   Uses
      None
Comment: RESET unused
__Vectors 00000000

Symbol: __Vectors
   Definitions
      At line 3 in file sb32.S
   Uses
      At line 2 in file sb32.S
Comment: __Vectors used once
2 symbols



ARM Macro Assembler    Page 1 Alphabetic symbol ordering
Relocatable symbols

Reset_Handler 00000000

Symbol: Reset_Handler
   Definitions
      At line 10 in file sb32.S
   Uses
      At line 5 in file sb32.S
Comment: Reset_Handler used once
SRC 0000001C

Symbol: SRC
   Definitions
      At line 25 in file sb32.S
   Uses
      At line 11 in file sb32.S
Comment: SRC used once
mycode 00000000

Symbol: mycode
   Definitions
      At line 7 in file sb32.S
   Uses
      None
Comment: mycode unused
3 symbols



ARM Macro Assembler    Page 1 Alphabetic symbol ordering
Relocatable symbols

DATASEG 00000000

Symbol: DATASEG
   Definitions
      At line 26 in file sb32.S
   Uses
      None
Comment: DATASEG unused
DST 00000000

Symbol: DST
   Definitions
      At line 27 in file sb32.S
   Uses
      At line 12 in file sb32.S
Comment: DST used once
2 symbols
340 symbols in table
