


ARM Macro Assembler    Page 1 


    1 00000000         ;BUBBLE SORT
    2 00000000                 AREA             RESET,DATA,READONLY
    3 00000000                 EXPORT           __Vectors
    4 00000000         __Vectors
    5 00000000 10001000        DCD              0X10001000
    6 00000004                 ALIGN
    7 00000004 00000000        DCD              Reset_Handler
    8 00000008                 AREA             mycode,CODE,READONLY
    9 00000000                 ENTRY
   10 00000000                 EXPORT           Reset_Handler
   11 00000000         Reset_Handler
   12 00000000 F04F 0400       MOV              R4 , #0
   13 00000004 F04F 010A       MOV              R1 , #10
   14 00000008 481A            LDR              R0 , =SRC
   15 0000000A 4A1B            LDR              R2 , =DST
   16 0000000C         UP
   17 0000000C 5903            LDR              R3 , [R0 , R4]
   18 0000000E 5113            STR              R3 , [R2 , R4]
   19 00000010 F104 0404       ADD              R4 , #04
   20 00000014 F1A1 0101       SUB              R1 , #01
   21 00000018 2900            CMP              R1 ,#0
   22 0000001A D8F7            BHI              UP
   23 0000001C 4816            LDR              R0 , =DST
   24 0000001E         ; iNNER LOOP COUNTER
   25 0000001E F04F 030A       MOV              R3 , #10
   26 00000022 F1A3 0301       SUB              R3 , R3 ,#1
   27 00000026 4699            MOV              R9 , R3     ;R9 CONTAINS NUMBER
                                                             OF PASSES
   28 00000028         ;OUTER LOOP
   29 00000028         OUTER_LOOP
   30 00000028         
   31 00000028 4605            MOV              R5 , R0
   32 0000002A 461C            MOV              R4 , R3
   33 0000002C         
   34 0000002C         INNER_LOOP
   35 0000002C         
   36 0000002C F855 6B04       LDR              R6 , [R5] , #4
   37 00000030 682F            LDR              R7 , [R5]
   38 00000032 42B7            CMP              R7 , R6
   39 00000034         
   40 00000034 BF9C 602E       STRLS            R6 , [R5]
   41 00000038 F845 7C04       STRLS            R7 , [R5 , #-4]
   42 0000003C         
   43 0000003C 1E64            SUBS             R4 , R4 , #1
   44 0000003E D1F5            BNE              INNER_LOOP
   45 00000040 F1A3 0301       SUB              R3 , #01
   46 00000044 F1B9 0901       SUBS             R9 , R9 ,#1
   47 00000048 D1EE            BNE              OUTER_LOOP
   48 0000004A         
   49 0000004A 00 00 00000010 
              00000005 
              00000033 
              00000024 
              00000056 
              00000077 
              00000021 
              00000004 
              00000087 
              00000001 SRC     DCD              0x10 , 0x05 , 0x33 , 0x24 , 0x5



ARM Macro Assembler    Page 2 


6 , 0x77 , 0x21 , 0x04 , 0x87 , 0x01
   50 00000074 00000000 
              00000000 
              00000000         AREA             DATASEG , DATA , READWRITE
   51 00000000 00000000 
              00000000 
              00000000 
              00000000 
              00000000 
              00000000 
              00000000 
              00000000 
              00000000 
              00000000 DST     DCD              0,0,0,0,0,0,0,0,0,0
   52 00000028                 END
Command Line: --debug --xref --cpu=Cortex-M3 --apcs=interwork --depend=bubbleso
rt.d -obubblesort.o -IC:\Keil\ARM\RV31\INC -IC:\Keil\ARM\CMSIS\Include -IC:\Kei
l\ARM\Inc\NXP\LPC17xx --predefine="__EVAL SETA 1" --list=bubblesort.lst bubbles
ort.s



ARM Macro Assembler    Page 1 Alphabetic symbol ordering
Relocatable symbols

RESET 00000000

Symbol: RESET
   Definitions
      At line 2 in file bubblesort.s
   Uses
      None
Comment: RESET unused
__Vectors 00000000

Symbol: __Vectors
   Definitions
      At line 4 in file bubblesort.s
   Uses
      At line 3 in file bubblesort.s
Comment: __Vectors used once
2 symbols



ARM Macro Assembler    Page 1 Alphabetic symbol ordering
Relocatable symbols

INNER_LOOP 0000002C

Symbol: INNER_LOOP
   Definitions
      At line 34 in file bubblesort.s
   Uses
      At line 44 in file bubblesort.s
Comment: INNER_LOOP used once
OUTER_LOOP 00000028

Symbol: OUTER_LOOP
   Definitions
      At line 29 in file bubblesort.s
   Uses
      At line 47 in file bubblesort.s
Comment: OUTER_LOOP used once
Reset_Handler 00000000

Symbol: Reset_Handler
   Definitions
      At line 11 in file bubblesort.s
   Uses
      At line 7 in file bubblesort.s
      At line 10 in file bubblesort.s

SRC 0000004C

Symbol: SRC
   Definitions
      At line 49 in file bubblesort.s
   Uses
      At line 14 in file bubblesort.s
Comment: SRC used once
UP 0000000C

Symbol: UP
   Definitions
      At line 16 in file bubblesort.s
   Uses
      At line 22 in file bubblesort.s
Comment: UP used once
mycode 00000000

Symbol: mycode
   Definitions
      At line 8 in file bubblesort.s
   Uses
      None
Comment: mycode unused
6 symbols



ARM Macro Assembler    Page 1 Alphabetic symbol ordering
Relocatable symbols

DATASEG 00000000

Symbol: DATASEG
   Definitions
      At line 50 in file bubblesort.s
   Uses
      None
Comment: DATASEG unused
DST 00000000

Symbol: DST
   Definitions
      At line 51 in file bubblesort.s
   Uses
      At line 15 in file bubblesort.s
      At line 23 in file bubblesort.s

2 symbols
343 symbols in table
