


ARM Macro Assembler    Page 1 


    1 00000000         ;HEX TO BCD 
    2 00000000                 AREA             RESET,DATA,READONLY
    3 00000000                 EXPORT           __Vectors
    4 00000000         __Vectors
    5 00000000 10001000        DCD              0x10001000
    6 00000004 00000000        DCD              Reset_Handler
    7 00000008                 ALIGN
    8 00000008                 AREA             mycode,CODE,READONLY
    9 00000000                 ENTRY
   10 00000000                 EXPORT           Reset_Handler
   11 00000000         
   12 00000000         Reset_Handler
   13 00000000 480F            LDR              R0,=HEX
   14 00000002 4A10            LDR              R2,=BCD
   15 00000004 6801            LDR              R1,[R0]
   16 00000006 F04F 0800       MOV              R8,#0
   17 0000000A         BACK
   18 0000000A F000 F807       BL               DIVIDE
   19 0000000E 2900            CMP              R1,#0
   20 00000010 D1FB            BNE              BACK
   21 00000012 FA28 F807       LSR              R8,R7
   22 00000016 F8C2 8000       STR              R8,[R2]
   23 0000001A E7FE    STOP    B                STOP
   24 0000001C         
   25 0000001C         DIVIDE
   26 0000001C F04F 0300       MOV              R3,#0
   27 00000020         UP
   28 00000020 290A            CMP              R1,#0X0A
   29 00000022 D304            BLO              DOWN
   30 00000024 F1A1 010A       SUB              R1,#0X0A
   31 00000028 F103 0301       ADD              R3,#1
   32 0000002C E7F8            B                UP
   33 0000002E         DOWN
   34 0000002E EA48 0801       ORR              R8,R1
   35 00000032 EA4F 1838       ROR              R8,#4
   36 00000036 4619            MOV              R1,R3
   37 00000038 4770            BX               LR
   38 0000003A         
   39 0000003A 00 00 000000FE 
                       HEX     DCD              0xFE
   40 00000040 00000000 
              00000000         AREA             mydata,DATA,READWRITE
   41 00000000 00000000 
                       BCD     DCD              0
   42 00000004                 END
Command Line: --debug --xref --cpu=Cortex-M3 --apcs=interwork --depend=hex2bcd.
d -ohex2bcd.o -IC:\Keil\ARM\RV31\INC -IC:\Keil\ARM\CMSIS\Include -IC:\Keil\ARM\
Inc\NXP\LPC17xx --predefine="__EVAL SETA 1" --list=hex2bcd.lst hex2bcd.ASM



ARM Macro Assembler    Page 1 Alphabetic symbol ordering
Relocatable symbols

RESET 00000000

Symbol: RESET
   Definitions
      At line 2 in file hex2bcd.ASM
   Uses
      None
Comment: RESET unused
__Vectors 00000000

Symbol: __Vectors
   Definitions
      At line 4 in file hex2bcd.ASM
   Uses
      At line 3 in file hex2bcd.ASM
Comment: __Vectors used once
2 symbols



ARM Macro Assembler    Page 1 Alphabetic symbol ordering
Relocatable symbols

BACK 0000000A

Symbol: BACK
   Definitions
      At line 17 in file hex2bcd.ASM
   Uses
      At line 20 in file hex2bcd.ASM
Comment: BACK used once
DIVIDE 0000001C

Symbol: DIVIDE
   Definitions
      At line 25 in file hex2bcd.ASM
   Uses
      At line 18 in file hex2bcd.ASM
Comment: DIVIDE used once
DOWN 0000002E

Symbol: DOWN
   Definitions
      At line 33 in file hex2bcd.ASM
   Uses
      At line 29 in file hex2bcd.ASM
Comment: DOWN used once
HEX 0000003C

Symbol: HEX
   Definitions
      At line 39 in file hex2bcd.ASM
   Uses
      At line 13 in file hex2bcd.ASM
Comment: HEX used once
Reset_Handler 00000000

Symbol: Reset_Handler
   Definitions
      At line 12 in file hex2bcd.ASM
   Uses
      At line 6 in file hex2bcd.ASM
      At line 10 in file hex2bcd.ASM

STOP 0000001A

Symbol: STOP
   Definitions
      At line 23 in file hex2bcd.ASM
   Uses
      At line 23 in file hex2bcd.ASM
Comment: STOP used once
UP 00000020

Symbol: UP
   Definitions
      At line 27 in file hex2bcd.ASM
   Uses
      At line 32 in file hex2bcd.ASM
Comment: UP used once
mycode 00000000




ARM Macro Assembler    Page 2 Alphabetic symbol ordering
Relocatable symbols

Symbol: mycode
   Definitions
      At line 8 in file hex2bcd.ASM
   Uses
      None
Comment: mycode unused
8 symbols



ARM Macro Assembler    Page 1 Alphabetic symbol ordering
Relocatable symbols

BCD 00000000

Symbol: BCD
   Definitions
      At line 41 in file hex2bcd.ASM
   Uses
      At line 14 in file hex2bcd.ASM
Comment: BCD used once
mydata 00000000

Symbol: mydata
   Definitions
      At line 40 in file hex2bcd.ASM
   Uses
      None
Comment: mydata unused
2 symbols
345 symbols in table
