


ARM Macro Assembler    Page 1 


    1 00000000                 AREA             RESET , DATA ,READONLY
    2 00000000                 EXPORT           __Vectors
    3 00000000         __Vectors
    4 00000000 10000000        DCD              0x10000000
    5 00000004 00000000        DCD              Reset_Handler
    6 00000008                 ALIGN
    7 00000008                 AREA             mycode , CODE , READONLY
    8 00000000                 ENTRY
    9 00000000                 EXPORT
   10 00000000         Reset_Handler
   11 00000000 4812            LDR              R0 , = SRC
   12 00000002 4913            LDR              R1 , = DST
   13 00000004 F04F 020A       MOV              R2 , #0x0A
   14 00000008 4D12            LDR              R5 , = 0x12345678
   15 0000000A         LOOP
   16 0000000A F850 3B04       LDR              R3 , [R0] , #4
   17 0000000E EA93 0F05       TEQ              R3 , R5
   18 00000012 BF08 F841 
              3B04             STREQ            R3 , [R1] , #4
   19 00000018 F1A2 0201       SUB              R2 , #1
   20 0000001C F092 0F00       TEQ              R2 , #0
   21 00000020 D1F3            BNE              LOOP
   22 00000022         
   23 00000022 00 00 00000012 
              00000023 
              00000034 
              00000045 
              00000056 
              00000067 
              12345678 
              00000089 
              00000091 
              000000AB SRC     DCD              0x12 , 0x23 , 0x34 , 0x45 , 0x5
6 , 0x67 , 0x12345678 , 0x89 , 0x91 , 0xAB
   24 0000004C         
   25 0000004C 00000000 
              00000000 
              12345678         AREA             DATASEG , DATA , READWRITE
   26 00000000         
   27 00000000 00000000 
              00000000 
              00000000 
              00000000 
              00000000 
              00000000 
              00000000 
              00000000 
              00000000 
              00000000 DST     DCD              0,0,0,0,0,0,0,0,0,0
   28 00000028                 END
Command Line: --debug --xref --cpu=Cortex-M3 --apcs=interwork --depend=lnrsrc.d
 -olnrsrc.o -IC:\Keil\ARM\RV31\INC -IC:\Keil\ARM\CMSIS\Include -IC:\Keil\ARM\In
c\NXP\LPC17xx --predefine="__EVAL SETA 1" --list=lnrsrc.lst lnrsrc.s



ARM Macro Assembler    Page 1 Alphabetic symbol ordering
Relocatable symbols

RESET 00000000

Symbol: RESET
   Definitions
      At line 1 in file lnrsrc.s
   Uses
      None
Comment: RESET unused
__Vectors 00000000

Symbol: __Vectors
   Definitions
      At line 3 in file lnrsrc.s
   Uses
      At line 2 in file lnrsrc.s
Comment: __Vectors used once
2 symbols



ARM Macro Assembler    Page 1 Alphabetic symbol ordering
Relocatable symbols

LOOP 0000000A

Symbol: LOOP
   Definitions
      At line 15 in file lnrsrc.s
   Uses
      At line 21 in file lnrsrc.s
Comment: LOOP used once
Reset_Handler 00000000

Symbol: Reset_Handler
   Definitions
      At line 10 in file lnrsrc.s
   Uses
      At line 5 in file lnrsrc.s
Comment: Reset_Handler used once
SRC 00000024

Symbol: SRC
   Definitions
      At line 23 in file lnrsrc.s
   Uses
      At line 11 in file lnrsrc.s
Comment: SRC used once
mycode 00000000

Symbol: mycode
   Definitions
      At line 7 in file lnrsrc.s
   Uses
      None
Comment: mycode unused
4 symbols



ARM Macro Assembler    Page 1 Alphabetic symbol ordering
Relocatable symbols

DATASEG 00000000

Symbol: DATASEG
   Definitions
      At line 25 in file lnrsrc.s
   Uses
      None
Comment: DATASEG unused
DST 00000000

Symbol: DST
   Definitions
      At line 27 in file lnrsrc.s
   Uses
      At line 12 in file lnrsrc.s
Comment: DST used once
2 symbols
341 symbols in table
