


ARM Macro Assembler    Page 1 


    1 00000000         ; 32 BIT UNPACKED TO PACKED
    2 00000000                 AREA             RESET,DATA,READONLY
    3 00000000                 EXPORT           __Vectors
    4 00000000         __Vectors
    5 00000000 10001000        DCD              0X10001000
    6 00000004                 ALIGN
    7 00000004 00000000        DCD              Reset_Handler
    8 00000008                 AREA             mycode,CODE,READONLY
    9 00000000                 ENTRY
   10 00000000                 EXPORT           Reset_Handler
   11 00000000         Reset_Handler
   12 00000000 4809            LDR              R0 , =SRC
   13 00000002 490A            LDR              R1 , =DST
   14 00000004 F04F 0804       MOV              R8 , #04
   15 00000008         UP
   16 00000008 F810 2B01       LDRB             R2 , [R0] , #01
   17 0000000C EA4A 0A02       ORR              R10 , R2
   18 00000010 EA4F 1A3A       ROR              R10 , #04
   19 00000014 F1A8 0801       SUB              R8 , #01
   20 00000018 F098 0F00       TEQ              R8 , #0
   21 0000001C D1F4            BNE              UP
   22 0000001E F8C1 A000       STR              R10 , [R1]
   23 00000022 00 00 0304050A 
                       SRC     DCD              0x0304050A
   24 00000028 00000000 
              00000000         AREA             DATASEG , DATA , READWRITE
   25 00000000 00000000 
              00000000 DST     DCD              0,0
   26 00000008                 END
Command Line: --debug --xref --cpu=Cortex-M3 --apcs=interwork --depend=pac2unp.
d -opac2unp.o -IC:\Keil\ARM\RV31\INC -IC:\Keil\ARM\CMSIS\Include -IC:\Keil\ARM\
Inc\NXP\LPC17xx --predefine="__EVAL SETA 1" --list=pac2unp.lst pac2unp.s



ARM Macro Assembler    Page 1 Alphabetic symbol ordering
Relocatable symbols

RESET 00000000

Symbol: RESET
   Definitions
      At line 2 in file pac2unp.s
   Uses
      None
Comment: RESET unused
__Vectors 00000000

Symbol: __Vectors
   Definitions
      At line 4 in file pac2unp.s
   Uses
      At line 3 in file pac2unp.s
Comment: __Vectors used once
2 symbols



ARM Macro Assembler    Page 1 Alphabetic symbol ordering
Relocatable symbols

Reset_Handler 00000000

Symbol: Reset_Handler
   Definitions
      At line 11 in file pac2unp.s
   Uses
      At line 7 in file pac2unp.s
      At line 10 in file pac2unp.s

SRC 00000024

Symbol: SRC
   Definitions
      At line 23 in file pac2unp.s
   Uses
      At line 12 in file pac2unp.s
Comment: SRC used once
UP 00000008

Symbol: UP
   Definitions
      At line 15 in file pac2unp.s
   Uses
      At line 21 in file pac2unp.s
Comment: UP used once
mycode 00000000

Symbol: mycode
   Definitions
      At line 8 in file pac2unp.s
   Uses
      None
Comment: mycode unused
4 symbols



ARM Macro Assembler    Page 1 Alphabetic symbol ordering
Relocatable symbols

DATASEG 00000000

Symbol: DATASEG
   Definitions
      At line 24 in file pac2unp.s
   Uses
      None
Comment: DATASEG unused
DST 00000000

Symbol: DST
   Definitions
      At line 25 in file pac2unp.s
   Uses
      At line 13 in file pac2unp.s
Comment: DST used once
2 symbols
341 symbols in table
