


ARM Macro Assembler    Page 1 


    1 00000000                 AREA             RESET , DATA ,READONLY
    2 00000000                 EXPORT           __Vectors
    3 00000000         __Vectors
    4 00000000 10000000        DCD              0x10000000
    5 00000004 00000000        DCD              Reset_Handler
    6 00000008                 ALIGN
    7 00000008                 AREA             mycode , CODE , READONLY
    8 00000000                 ENTRY
    9 00000000                 EXPORT
   10 00000000         Reset_Handler
   11 00000000 4808            LDR              R0 , = SRC
   12 00000002 4909            LDR              R1 , = SRC + 36
   13 00000004 F04F 0805       MOV              R8 , #5
   14 00000008 680C    Star    LDR              R4 , [R1]
   15 0000000A 6803            LDR              R3 , [R0]
   16 0000000C 6004            STR              R4 , [R0]
   17 0000000E 600B            STR              R3 , [R1]
   18 00000010 F100 0004       ADD              R0 , #4
   19 00000014 F1A1 0104       SUB              R1 , #4
   20 00000018 F1A8 0801       SUB              R8 , #1
   21 0000001C F098 0F00       TEQ              R8 , #0
   22 00000020 D1F2            BNE              Star
   23 00000022 E7FE    STOP    B                STOP
   24 00000024 00000000 
              00000024         AREA             DATASEG , DATA , READWRITE
   25 00000000 00000012 
              00000023 
              00000034 
              00000045 
              00000056 
              00000067 
              00000078 
              00000089 
              00000091 
              000000AB SRC     DCD              0x12 , 0x23 , 0x34 , 0x45 , 0x5
6 , 0x67 , 0x78 , 0x89 , 0x91 , 0xAB
   26 00000028 00000000 
              00000000 
              00000000 
              00000000 
              00000000 
              00000000 
              00000000 
              00000000 
              00000000 
              00000000 DST     DCD              0,0,0,0,0,0,0,0,0,0
   27 00000050                 END
Command Line: --debug --xref --cpu=Cortex-M3 --apcs=interwork --depend=array.d 
-oarray.o -IC:\Keil\ARM\RV31\INC -IC:\Keil\ARM\CMSIS\Include -IC:\Keil\ARM\Inc\
NXP\LPC17xx --predefine="__EVAL SETA 1" --list=array.lst array.s



ARM Macro Assembler    Page 1 Alphabetic symbol ordering
Relocatable symbols

RESET 00000000

Symbol: RESET
   Definitions
      At line 1 in file array.s
   Uses
      None
Comment: RESET unused
__Vectors 00000000

Symbol: __Vectors
   Definitions
      At line 3 in file array.s
   Uses
      At line 2 in file array.s
Comment: __Vectors used once
2 symbols



ARM Macro Assembler    Page 1 Alphabetic symbol ordering
Relocatable symbols

Reset_Handler 00000000

Symbol: Reset_Handler
   Definitions
      At line 10 in file array.s
   Uses
      At line 5 in file array.s
Comment: Reset_Handler used once
STOP 00000022

Symbol: STOP
   Definitions
      At line 23 in file array.s
   Uses
      At line 23 in file array.s
Comment: STOP used once
Star 00000008

Symbol: Star
   Definitions
      At line 14 in file array.s
   Uses
      At line 22 in file array.s
Comment: Star used once
mycode 00000000

Symbol: mycode
   Definitions
      At line 7 in file array.s
   Uses
      None
Comment: mycode unused
4 symbols



ARM Macro Assembler    Page 1 Alphabetic symbol ordering
Relocatable symbols

DATASEG 00000000

Symbol: DATASEG
   Definitions
      At line 24 in file array.s
   Uses
      None
Comment: DATASEG unused
DST 00000028

Symbol: DST
   Definitions
      At line 26 in file array.s
   Uses
      None
Comment: DST unused
SRC 00000000

Symbol: SRC
   Definitions
      At line 25 in file array.s
   Uses
      At line 11 in file array.s
      At line 12 in file array.s

3 symbols
342 symbols in table
