


ARM Macro Assembler    Page 1 


    1 00000000                 AREA             RESET , DATA ,READONLY
    2 00000000                 EXPORT           __Vectors
    3 00000000         __Vectors
    4 00000000 10000000        DCD              0x10000000
    5 00000004 00000000        DCD              Reset_Handler
    6 00000008                 ALIGN
    7 00000008                 AREA             mycode , CODE , READONLY
    8 00000000                 ENTRY
    9 00000000                 EXPORT
   10 00000000         Reset_Handler
   11 00000000 481C            LDR              R0 , = SRC
   12 00000002 491D            LDR              R1 , = DST
   13 00000004 6803            LDR              R3 , [R0]
   14 00000006 600B            STR              R3 , [R1]
   15 00000008 F100 0004       ADD              R0 , #4
   16 0000000C F101 0104       ADD              R1 , #4
   17 00000010 6803            LDR              R3 , [R0]
   18 00000012 600B            STR              R3 , [R1]
   19 00000014 F100 0004       ADD              R0 , #4
   20 00000018 F101 0104       ADD              R1 , #4
   21 0000001C 6803            LDR              R3 , [R0]
   22 0000001E 600B            STR              R3 , [R1]
   23 00000020 F100 0004       ADD              R0 , #4
   24 00000024 F101 0104       ADD              R1 , #4
   25 00000028 6803            LDR              R3 , [R0]
   26 0000002A 600B            STR              R3 , [R1]
   27 0000002C F100 0004       ADD              R0 , #4
   28 00000030 F101 0104       ADD              R1 , #4
   29 00000034 6803            LDR              R3 , [R0]
   30 00000036 600B            STR              R3 , [R1]
   31 00000038 F100 0004       ADD              R0 , #4
   32 0000003C F101 0104       ADD              R1 , #4
   33 00000040 6803            LDR              R3 , [R0]
   34 00000042 600B            STR              R3 , [R1]
   35 00000044 F100 0004       ADD              R0 , #4
   36 00000048 F101 0104       ADD              R1 , #4
   37 0000004C 6803            LDR              R3 , [R0]
   38 0000004E 600B            STR              R3 , [R1]
   39 00000050 F100 0004       ADD              R0 , #4
   40 00000054 F101 0104       ADD              R1 , #4
   41 00000058 6803            LDR              R3 , [R0]
   42 0000005A 600B            STR              R3 , [R1]
   43 0000005C F100 0004       ADD              R0 , #4
   44 00000060 F101 0104       ADD              R1 , #4
   45 00000064 6803            LDR              R3 , [R0]
   46 00000066 600B            STR              R3 , [R1]
   47 00000068 F100 0004       ADD              R0 , #4
   48 0000006C F101 0104       ADD              R1 , #4
   49 00000070 6803            LDR              R3 , [R0]
   50 00000072 600B            STR              R3 , [R1]
   51 00000074 00000000 
              00000000         AREA             DATASEG , DATA , READWRITE
   52 00000000 00000012 
              00000023 
              00000034 
              00000045 
              00000056 
              00000067 
              00000078 



ARM Macro Assembler    Page 2 


              00000089 
              00000091 
              000000AB SRC     DCD              0x12 , 0x23 , 0x34 , 0x45 , 0x5
6 , 0x67 , 0x78 , 0x89 , 0x91 , 0xAB
   53 00000028 00000000 
              00000000 
              00000000 
              00000000 
              00000000 
              00000000 
              00000000 
              00000000 
              00000000 
              00000000 DST     DCD              0,0,0,0,0,0,0,0,0,0
   54 00000050                 END
Command Line: --debug --xref --cpu=Cortex-M3 --apcs=interwork --depend=non_ovla
p.d -onon_ovlap.o -IC:\Keil\ARM\RV31\INC -IC:\Keil\ARM\CMSIS\Include -IC:\Keil\
ARM\Inc\NXP\LPC17xx --predefine="__EVAL SETA 1" --list=non_ovlap.lst non_ovlap.
s



ARM Macro Assembler    Page 1 Alphabetic symbol ordering
Relocatable symbols

RESET 00000000

Symbol: RESET
   Definitions
      At line 1 in file non_ovlap.s
   Uses
      None
Comment: RESET unused
__Vectors 00000000

Symbol: __Vectors
   Definitions
      At line 3 in file non_ovlap.s
   Uses
      At line 2 in file non_ovlap.s
Comment: __Vectors used once
2 symbols



ARM Macro Assembler    Page 1 Alphabetic symbol ordering
Relocatable symbols

Reset_Handler 00000000

Symbol: Reset_Handler
   Definitions
      At line 10 in file non_ovlap.s
   Uses
      At line 5 in file non_ovlap.s
Comment: Reset_Handler used once
mycode 00000000

Symbol: mycode
   Definitions
      At line 7 in file non_ovlap.s
   Uses
      None
Comment: mycode unused
2 symbols



ARM Macro Assembler    Page 1 Alphabetic symbol ordering
Relocatable symbols

DATASEG 00000000

Symbol: DATASEG
   Definitions
      At line 51 in file non_ovlap.s
   Uses
      None
Comment: DATASEG unused
DST 00000028

Symbol: DST
   Definitions
      At line 53 in file non_ovlap.s
   Uses
      At line 12 in file non_ovlap.s
Comment: DST used once
SRC 00000000

Symbol: SRC
   Definitions
      At line 52 in file non_ovlap.s
   Uses
      At line 11 in file non_ovlap.s
Comment: SRC used once
3 symbols
340 symbols in table
