


ARM Macro Assembler    Page 1 


    1 00000000                 AREA             RESET,DATA,READONLY
    2 00000000                 EXPORT           __Vectors
    3 00000000         __Vectors
    4 00000000 10000000        DCD              0x10000000
    5 00000004 00000000        DCD              Reset_Handler
    6 00000008                 ALIGN
    7 00000008                 AREA             mycode,CODE,READONLY
    8 00000000                 ENTRY
    9 00000000                 EXPORT           Reset_Handler
   10 00000000         Reset_Handler
   11 00000000 4805            LDR              R0,=SRC
   12 00000002 4906            LDR              R1,=DST
   13 00000004 6803            LDR              R3,[R0]
   14 00000006 600B            STR              R3,[R1]
   15 00000008 12345678 
              000002D3 
              00ABCDEF 
              000000AB SRC     DCD              0x12345678 , 723 , 0xABCDEF , 0
xAB
   16 00000018 00000000 
              00000000         AREA             DATASEG,DATA,READWRITE
   17 00000000 00000000 
              00000000 
              00000000 DST     DCD              0,0,0
   18 0000000C                 END
Command Line: --debug --xref --cpu=Cortex-M3 --apcs=interwork --depend=one.d -o
one.o -IC:\Keil\ARM\RV31\INC -IC:\Keil\ARM\CMSIS\Include -IC:\Keil\ARM\Inc\NXP\
LPC17xx --predefine="__EVAL SETA 1" --list=one.lst one.s



ARM Macro Assembler    Page 1 Alphabetic symbol ordering
Relocatable symbols

RESET 00000000

Symbol: RESET
   Definitions
      At line 1 in file one.s
   Uses
      None
Comment: RESET unused
__Vectors 00000000

Symbol: __Vectors
   Definitions
      At line 3 in file one.s
   Uses
      At line 2 in file one.s
Comment: __Vectors used once
2 symbols



ARM Macro Assembler    Page 1 Alphabetic symbol ordering
Relocatable symbols

Reset_Handler 00000000

Symbol: Reset_Handler
   Definitions
      At line 10 in file one.s
   Uses
      At line 5 in file one.s
      At line 9 in file one.s

SRC 00000008

Symbol: SRC
   Definitions
      At line 15 in file one.s
   Uses
      At line 11 in file one.s
Comment: SRC used once
mycode 00000000

Symbol: mycode
   Definitions
      At line 7 in file one.s
   Uses
      None
Comment: mycode unused
3 symbols



ARM Macro Assembler    Page 1 Alphabetic symbol ordering
Relocatable symbols

DATASEG 00000000

Symbol: DATASEG
   Definitions
      At line 16 in file one.s
   Uses
      None
Comment: DATASEG unused
DST 00000000

Symbol: DST
   Definitions
      At line 17 in file one.s
   Uses
      At line 12 in file one.s
Comment: DST used once
2 symbols
340 symbols in table
