


ARM Macro Assembler    Page 1 


    1 00000000                 AREA             RESET , DATA ,READONLY
    2 00000000                 EXPORT           __Vectors
    3 00000000         __Vectors
    4 00000000 10000000        DCD              0x10000000
    5 00000004 00000000        DCD              Reset_Handler
    6 00000008                 ALIGN
    7 00000008                 AREA             mycode , CODE , READONLY
    8 00000000                 ENTRY
    9 00000000                 EXPORT
   10 00000000         Reset_Handler
   11 00000000 4820            LDR              R0 , = SRC
   12 00000002 4921            LDR              R1 , =DST
   13 00000004 F850 2B04       LDR              R2 , [R0] , #4
   14 00000008 F8D0 C000       LDR              R12 , [R0]
   15 0000000C 4613            MOV              R3 , R2
   16 0000000E F04F 0800       MOV              R8 , #0
   17 00000012 F04F 0A08       MOV              R10 , #8
   18 00000016         UP
   19 00000016 F00C 0B0F       AND              R11 , R12 ,#0x0F
   20 0000001A F1BB 0F09       CMP              R11 , #09
   21 0000001E D901            BLS              START
   22 00000020 F1AB 0B06       SUB              R11 , #06
   23 00000024         START
   24 00000024 F000 F80B       BL               mult
   25 00000028 F1AB 0B01       SUB              R11 , #1
   26 0000002C F09B 0F00       TEQ              R11 , #0
   27 00000030 D1F8            BNE              START
   28 00000032 EA4F 1C1C       LSR              R12 , #4
   29 00000036 F09C 0F00       TEQ              R12 , #0
   30 0000003A D1EC            BNE              UP
   31 0000003C E7FE    STOP    B                STOP
   32 0000003E         
   33 0000003E         mult
   34 0000003E 4614            MOV              R4 , R2
   35 00000040 FA24 F408       LSR              R4 , R8
   36 00000044 F004 040F       AND              R4 , #0x0F
   37 00000048 461D            MOV              R5 , R3
   38 0000004A FA25 F508       LSR              R5 , R8
   39 0000004E F005 050F       AND              R5 , #0x0F
   40 00000052         
   41 00000052 4435            ADD              R5 , R6
   42 00000054 EB04 0605       ADD              R6 , R4 , R5
   43 00000058 2E09            CMP              R6 , #09
   44 0000005A D901            BLS              skip
   45 0000005C F106 0606       ADD              R6 , #06
   46 00000060         
   47 00000060         skip
   48 00000060 F006 070F       AND              R7 , R6 , #0x0F
   49 00000064 EA4F 1616       LSR              R6 , #4
   50 00000068 EA49 0907       ORR              R9 , R7
   51 0000006C EA4F 1939       ROR              R9 , #4
   52 00000070 F108 0804       ADD              R8 , #4
   53 00000074 F1AA 0A01       SUB              R10 ,#1
   54 00000078 F09A 0F00       TEQ              R10 , #0
   55 0000007C D1DF            BNE              mult
   56 0000007E F841 9B04       STR              R9 , [R1] , #4
   57 00000082 600E            STR              R6 , [R1]
   58 00000084         
   59 00000084 00000000 



ARM Macro Assembler    Page 2 


              00000000         AREA             DATASEG , DATA , READWRITE
   60 00000000 00000012 
              00000023 
              00000034 
              00000045 
              00000056 
              00000067 
              00000078 
              00000089 
              00000091 
              000000AB SRC     DCD              0x12 , 0x23 , 0x34 , 0x45 , 0x5
6 , 0x67 , 0x78 , 0x89 , 0x91 , 0xAB
   61 00000028 00000000 
              00000000 
              00000000 
              00000000 
              00000000 
              00000000 
              00000000 
              00000000 
              00000000 
              00000000 DST     DCD              0,0,0,0,0,0,0,0,0,0
   62 00000050                 END
Command Line: --debug --xref --cpu=Cortex-M3 --apcs=interwork --depend=bcdm.d -
obcdm.o -IC:\Keil\ARM\RV31\INC -IC:\Keil\ARM\CMSIS\Include -IC:\Keil\ARM\Inc\NX
P\LPC17xx --predefine="__EVAL SETA 1" --list=bcdm.lst bcdm.s



ARM Macro Assembler    Page 1 Alphabetic symbol ordering
Relocatable symbols

RESET 00000000

Symbol: RESET
   Definitions
      At line 1 in file bcdm.s
   Uses
      None
Comment: RESET unused
__Vectors 00000000

Symbol: __Vectors
   Definitions
      At line 3 in file bcdm.s
   Uses
      At line 2 in file bcdm.s
Comment: __Vectors used once
2 symbols



ARM Macro Assembler    Page 1 Alphabetic symbol ordering
Relocatable symbols

Reset_Handler 00000000

Symbol: Reset_Handler
   Definitions
      At line 10 in file bcdm.s
   Uses
      At line 5 in file bcdm.s
Comment: Reset_Handler used once
START 00000024

Symbol: START
   Definitions
      At line 23 in file bcdm.s
   Uses
      At line 21 in file bcdm.s
      At line 27 in file bcdm.s

STOP 0000003C

Symbol: STOP
   Definitions
      At line 31 in file bcdm.s
   Uses
      At line 31 in file bcdm.s
Comment: STOP used once
UP 00000016

Symbol: UP
   Definitions
      At line 18 in file bcdm.s
   Uses
      At line 30 in file bcdm.s
Comment: UP used once
mult 0000003E

Symbol: mult
   Definitions
      At line 33 in file bcdm.s
   Uses
      At line 24 in file bcdm.s
      At line 55 in file bcdm.s

mycode 00000000

Symbol: mycode
   Definitions
      At line 7 in file bcdm.s
   Uses
      None
Comment: mycode unused
skip 00000060

Symbol: skip
   Definitions
      At line 47 in file bcdm.s
   Uses
      At line 44 in file bcdm.s
Comment: skip used once
7 symbols



ARM Macro Assembler    Page 1 Alphabetic symbol ordering
Relocatable symbols

DATASEG 00000000

Symbol: DATASEG
   Definitions
      At line 59 in file bcdm.s
   Uses
      None
Comment: DATASEG unused
DST 00000028

Symbol: DST
   Definitions
      At line 61 in file bcdm.s
   Uses
      At line 12 in file bcdm.s
Comment: DST used once
SRC 00000000

Symbol: SRC
   Definitions
      At line 60 in file bcdm.s
   Uses
      At line 11 in file bcdm.s
Comment: SRC used once
3 symbols
345 symbols in table
