


ARM Macro Assembler    Page 1 


    1 00000000                 AREA             RESET , DATA ,READONLY
    2 00000000                 EXPORT           __Vectors
    3 00000000         __Vectors
    4 00000000 10000000        DCD              0x10000000
    5 00000004 00000000        DCD              Reset_Handler
    6 00000008                 ALIGN
    7 00000008                 AREA             mycode , CODE , READONLY
    8 00000000                 ENTRY
    9 00000000                 EXPORT
   10 00000000         Reset_Handler
   11 00000000 480F            LDR              R0 , = SRC
   12 00000002 4910            LDR              R1 , = DST
   13 00000004 6802            LDR              R2 , [R0]
   14 00000006 F04F 0301       LDR              R3 , =0x00000001
   15 0000000A         
   16 0000000A F841 2B04       STR              R2 , [R1] , #4
   17 0000000E F841 3B04       STR              R3 , [R1] , #4
   18 00000012         
   19 00000012 F000 F801       BL               RECUR
   20 00000016 E7FE    STOP    B                STOP
   21 00000018         
   22 00000018         RECUR
   23 00000018 F851 4D04       LDR              R4 , [R1 , #-4]!
   24 0000001C F851 5D04       LDR              R5 , [R1 , #-4]!
   25 00000020 FB05 F504       MUL              R5 , R4
   26 00000024 F841 5B04       STR              R5 , [R1] , #4
   27 00000028 F104 0401       ADD              R4 , #01
   28 0000002C 4294            CMP              R4 , R2
   29 0000002E D006            BEQ              brk
   30 00000030 F841 4B04       STR              R4 , [R1] , #4
   31 00000034 B500            PUSH             {R14}
   32 00000036 F7FF FFEF       BL               RECUR
   33 0000003A F85D EB04       POP              {R14}
   34 0000003E 4770    brk     BX               LR
   35 00000040 00000000 
              00000000         AREA             DATASEG , DATA , READWRITE
   36 00000000 00000012 
              00000023 
              00000034 
              00000045 
              00000056 
              00000067 
              00000078 
              00000089 
              00000091 
              000000AB SRC     DCD              0x12 , 0x23 , 0x34 , 0x45 , 0x5
6 , 0x67 , 0x78 , 0x89 , 0x91 , 0xAB
   37 00000028 00000000 
              00000000 
              00000000 
              00000000 
              00000000 
              00000000 
              00000000 
              00000000 
              00000000 
              00000000 DST     DCD              0,0,0,0,0,0,0,0,0,0
   38 00000050                 END
Command Line: --debug --xref --cpu=Cortex-M3 --apcs=interwork --depend=fact.d -



ARM Macro Assembler    Page 2 


ofact.o -IC:\Keil\ARM\RV31\INC -IC:\Keil\ARM\CMSIS\Include -IC:\Keil\ARM\Inc\NX
P\LPC17xx --predefine="__EVAL SETA 1" --list=fact.lst fact.s



ARM Macro Assembler    Page 1 Alphabetic symbol ordering
Relocatable symbols

RESET 00000000

Symbol: RESET
   Definitions
      At line 1 in file fact.s
   Uses
      None
Comment: RESET unused
__Vectors 00000000

Symbol: __Vectors
   Definitions
      At line 3 in file fact.s
   Uses
      At line 2 in file fact.s
Comment: __Vectors used once
2 symbols



ARM Macro Assembler    Page 1 Alphabetic symbol ordering
Relocatable symbols

RECUR 00000018

Symbol: RECUR
   Definitions
      At line 22 in file fact.s
   Uses
      At line 19 in file fact.s
      At line 32 in file fact.s

Reset_Handler 00000000

Symbol: Reset_Handler
   Definitions
      At line 10 in file fact.s
   Uses
      At line 5 in file fact.s
Comment: Reset_Handler used once
STOP 00000016

Symbol: STOP
   Definitions
      At line 20 in file fact.s
   Uses
      At line 20 in file fact.s
Comment: STOP used once
brk 0000003E

Symbol: brk
   Definitions
      At line 34 in file fact.s
   Uses
      At line 29 in file fact.s
Comment: brk used once
mycode 00000000

Symbol: mycode
   Definitions
      At line 7 in file fact.s
   Uses
      None
Comment: mycode unused
5 symbols



ARM Macro Assembler    Page 1 Alphabetic symbol ordering
Relocatable symbols

DATASEG 00000000

Symbol: DATASEG
   Definitions
      At line 35 in file fact.s
   Uses
      None
Comment: DATASEG unused
DST 00000028

Symbol: DST
   Definitions
      At line 37 in file fact.s
   Uses
      At line 12 in file fact.s
Comment: DST used once
SRC 00000000

Symbol: SRC
   Definitions
      At line 36 in file fact.s
   Uses
      At line 11 in file fact.s
Comment: SRC used once
3 symbols
343 symbols in table
